<?xml version="1.0" encoding="UTF-8"?>
<TestRun id="3e59849a-d1b4-4457-9366-08828d000af3" name="niaro@NIPUN-DEV 2014-08-06 16:54:57" runUser="FAREAST\niaro" xmlns="http://microsoft.com/schemas/VisualStudio/TeamTest/2010">
  <TestSettings name="Local" id="c7192d5d-7afa-4901-bb50-e2fb6ac69b6d">
    <Description>These are default test settings for a local test run.</Description>
    <Deployment enabled="false" runDeploymentRoot="niaro_NIPUN-DEV 2014-08-06 16_54_57">
      <DeploymentItem filename="C:\Users\niaro\Documents\Visual Studio 2010\Projects\Begin\GuestBook_Data\bin\Debug\GuestBook_Data.dll" />
      <DeploymentItem filename="C:\Program Files\Microsoft SDKs\Windows Azure\.NET SDK\v2.1\ref\Microsoft.WindowsAzure.StorageClient.dll" />
    </Deployment>
    <Execution>
      <TestTypeSpecific />
      <AgentRule name="Execution Agents">
      </AgentRule>
    </Execution>
  </TestSettings>
  <Times creation="2014-08-06T16:54:57.1066601+05:30" queuing="2014-08-06T16:54:57.8964799+05:30" start="2014-08-06T16:54:57.9275014+05:30" finish="2014-08-06T16:55:11.7827038+05:30" />
  <ResultSummary outcome="Completed">
    <Counters total="9" executed="9" passed="9" error="0" failed="0" timeout="0" aborted="0" inconclusive="0" passedButRunAborted="0" notRunnable="0" notExecuted="0" disconnected="0" warning="0" completed="0" inProgress="0" pending="0" />
  </ResultSummary>
  <TestDefinitions>
    <UnitTest name="ValidateBlobStorageInit" storage="c:\users\niaro\documents\visual studio 2010\projects\begin\testguestbook\bin\debug\testguestbook.dll" id="21ef95f6-5cba-3fe4-8df8-8981def7d812">
      <Execution id="653fddad-61bc-431b-951c-8d9f59a0b86e" />
      <TestMethod codeBase="C:/Users/niaro/Documents/Visual Studio 2010/Projects/Begin/TestGuestBook/bin/Debug/TestGuestBook.DLL" adapterTypeName="Microsoft.VisualStudio.TestTools.TestTypes.Unit.UnitTestAdapter, Microsoft.VisualStudio.QualityTools.Tips.UnitTest.Adapter, Version=10.0.0.0, Culture=neutral, PublicKeyToken=b03f5f7f11d50a3a" className="TestGuestBook.Storage, TestGuestBook, Version=1.0.0.0, Culture=neutral, PublicKeyToken=null" name="ValidateBlobStorageInit" />
    </UnitTest>
    <UnitTest name="ValidateTables" storage="c:\users\niaro\documents\visual studio 2010\projects\begin\testguestbook\bin\debug\testguestbook.dll" id="bc06af3c-625d-48eb-ea80-1f8f3c32a40b">
      <Execution id="6afe494d-576a-49db-b194-3d0b16c580b4" />
      <TestMethod codeBase="C:/Users/niaro/Documents/Visual Studio 2010/Projects/Begin/TestGuestBook/bin/Debug/TestGuestBook.DLL" adapterTypeName="Microsoft.VisualStudio.TestTools.TestTypes.Unit.UnitTestAdapter, Microsoft.VisualStudio.QualityTools.Tips.UnitTest.Adapter, Version=10.0.0.0, Culture=neutral, PublicKeyToken=b03f5f7f11d50a3a" className="TestGuestBook.Storage, TestGuestBook, Version=1.0.0.0, Culture=neutral, PublicKeyToken=null" name="ValidateTables" />
    </UnitTest>
    <UnitTest name="ValidateUploadBlob" storage="c:\users\niaro\documents\visual studio 2010\projects\begin\testguestbook\bin\debug\testguestbook.dll" id="873cfd3d-4d20-5ade-17b0-8b4a8e18b400">
      <Execution id="c9bfaf53-d909-489a-8c13-2de67fd89c77" />
      <TestMethod codeBase="C:/Users/niaro/Documents/Visual Studio 2010/Projects/Begin/TestGuestBook/bin/Debug/TestGuestBook.DLL" adapterTypeName="Microsoft.VisualStudio.TestTools.TestTypes.Unit.UnitTestAdapter, Microsoft.VisualStudio.QualityTools.Tips.UnitTest.Adapter, Version=10.0.0.0, Culture=neutral, PublicKeyToken=b03f5f7f11d50a3a" className="TestGuestBook.Storage, TestGuestBook, Version=1.0.0.0, Culture=neutral, PublicKeyToken=null" name="ValidateUploadBlob" />
    </UnitTest>
    <UnitTest name="ValidateQueue2" storage="c:\users\niaro\documents\visual studio 2010\projects\begin\testguestbook\bin\debug\testguestbook.dll" id="68178ba7-0b27-2d8e-4b42-334a8d38aafa">
      <Execution id="49a5388e-c0fa-47e2-bd9c-a7a1179d38e5" />
      <TestMethod codeBase="C:/Users/niaro/Documents/Visual Studio 2010/Projects/Begin/TestGuestBook/bin/Debug/TestGuestBook.DLL" adapterTypeName="Microsoft.VisualStudio.TestTools.TestTypes.Unit.UnitTestAdapter, Microsoft.VisualStudio.QualityTools.Tips.UnitTest.Adapter, Version=10.0.0.0, Culture=neutral, PublicKeyToken=b03f5f7f11d50a3a" className="TestGuestBook.Storage, TestGuestBook, Version=1.0.0.0, Culture=neutral, PublicKeyToken=null" name="ValidateQueue2" />
    </UnitTest>
    <UnitTest name="StartDevFabric" storage="c:\users\niaro\documents\visual studio 2010\projects\begin\testguestbook\bin\debug\testguestbook.dll" id="90cff3a7-c376-8901-53c4-3f5300488f56">
      <Execution id="74935178-d0e9-4696-9a9c-60d2b5efd006" />
      <TestMethod codeBase="C:/Users/niaro/Documents/Visual Studio 2010/Projects/Begin/TestGuestBook/bin/Debug/TestGuestBook.DLL" adapterTypeName="Microsoft.VisualStudio.TestTools.TestTypes.Unit.UnitTestAdapter, Microsoft.VisualStudio.QualityTools.Tips.UnitTest.Adapter, Version=10.0.0.0, Culture=neutral, PublicKeyToken=b03f5f7f11d50a3a" className="TestGuestBook.Storage, TestGuestBook, Version=1.0.0.0, Culture=neutral, PublicKeyToken=null" name="StartDevFabric" />
    </UnitTest>
    <UnitTest name="StopDevFabric" storage="c:\users\niaro\documents\visual studio 2010\projects\begin\testguestbook\bin\debug\testguestbook.dll" id="29606469-6650-eed0-1b2e-7bd5974d646d">
      <Execution id="72219ee2-ae54-436c-a946-f80635286e4a" />
      <TestMethod codeBase="C:/Users/niaro/Documents/Visual Studio 2010/Projects/Begin/TestGuestBook/bin/Debug/TestGuestBook.DLL" adapterTypeName="Microsoft.VisualStudio.TestTools.TestTypes.Unit.UnitTestAdapter, Microsoft.VisualStudio.QualityTools.Tips.UnitTest.Adapter, Version=10.0.0.0, Culture=neutral, PublicKeyToken=b03f5f7f11d50a3a" className="TestGuestBook.Storage, TestGuestBook, Version=1.0.0.0, Culture=neutral, PublicKeyToken=null" name="StopDevFabric" />
    </UnitTest>
    <UnitTest name="FabricIsOn" storage="c:\users\niaro\documents\visual studio 2010\projects\begin\testguestbook\bin\debug\testguestbook.dll" id="0a990214-4c32-c590-120c-3983084b746a">
      <Execution id="274a09d5-bc4b-4e3d-8936-0354867e8bf5" />
      <TestMethod codeBase="C:/Users/niaro/Documents/Visual Studio 2010/Projects/Begin/TestGuestBook/bin/Debug/TestGuestBook.DLL" adapterTypeName="Microsoft.VisualStudio.TestTools.TestTypes.Unit.UnitTestAdapter, Microsoft.VisualStudio.QualityTools.Tips.UnitTest.Adapter, Version=10.0.0.0, Culture=neutral, PublicKeyToken=b03f5f7f11d50a3a" className="TestGuestBook.Storage, TestGuestBook, Version=1.0.0.0, Culture=neutral, PublicKeyToken=null" name="FabricIsOn" />
    </UnitTest>
    <UnitTest name="ValidateQueue" storage="c:\users\niaro\documents\visual studio 2010\projects\begin\testguestbook\bin\debug\testguestbook.dll" id="d0887670-0b24-6c16-6b15-0f9007b0466f">
      <Execution id="ad4413e3-48c0-41c2-820f-9d02e284631b" />
      <TestMethod codeBase="C:/Users/niaro/Documents/Visual Studio 2010/Projects/Begin/TestGuestBook/bin/Debug/TestGuestBook.DLL" adapterTypeName="Microsoft.VisualStudio.TestTools.TestTypes.Unit.UnitTestAdapter, Microsoft.VisualStudio.QualityTools.Tips.UnitTest.Adapter, Version=10.0.0.0, Culture=neutral, PublicKeyToken=b03f5f7f11d50a3a" className="TestGuestBook.Storage, TestGuestBook, Version=1.0.0.0, Culture=neutral, PublicKeyToken=null" name="ValidateQueue" />
    </UnitTest>
    <UnitTest name="DeleteTable" storage="c:\users\niaro\documents\visual studio 2010\projects\begin\testguestbook\bin\debug\testguestbook.dll" id="db6c36d5-e323-6b4b-ff88-782488b06650">
      <Execution id="42b2e646-0877-44cd-8a10-a565fc1a45eb" />
      <TestMethod codeBase="C:/Users/niaro/Documents/Visual Studio 2010/Projects/Begin/TestGuestBook/bin/Debug/TestGuestBook.DLL" adapterTypeName="Microsoft.VisualStudio.TestTools.TestTypes.Unit.UnitTestAdapter, Microsoft.VisualStudio.QualityTools.Tips.UnitTest.Adapter, Version=10.0.0.0, Culture=neutral, PublicKeyToken=b03f5f7f11d50a3a" className="TestGuestBook.Storage, TestGuestBook, Version=1.0.0.0, Culture=neutral, PublicKeyToken=null" name="DeleteTable" />
    </UnitTest>
  </TestDefinitions>
  <TestLists>
    <TestList name="Results Not in a List" id="8c84fa94-04c1-424b-9868-57a2d4851a1d" />
    <TestList name="All Loaded Results" id="19431567-8539-422a-85d7-44ee4e166bda" />
  </TestLists>
  <TestEntries>
    <TestEntry testId="0a990214-4c32-c590-120c-3983084b746a" executionId="274a09d5-bc4b-4e3d-8936-0354867e8bf5" testListId="8c84fa94-04c1-424b-9868-57a2d4851a1d" />
    <TestEntry testId="90cff3a7-c376-8901-53c4-3f5300488f56" executionId="74935178-d0e9-4696-9a9c-60d2b5efd006" testListId="8c84fa94-04c1-424b-9868-57a2d4851a1d" />
    <TestEntry testId="29606469-6650-eed0-1b2e-7bd5974d646d" executionId="72219ee2-ae54-436c-a946-f80635286e4a" testListId="8c84fa94-04c1-424b-9868-57a2d4851a1d" />
    <TestEntry testId="21ef95f6-5cba-3fe4-8df8-8981def7d812" executionId="653fddad-61bc-431b-951c-8d9f59a0b86e" testListId="8c84fa94-04c1-424b-9868-57a2d4851a1d" />
    <TestEntry testId="d0887670-0b24-6c16-6b15-0f9007b0466f" executionId="ad4413e3-48c0-41c2-820f-9d02e284631b" testListId="8c84fa94-04c1-424b-9868-57a2d4851a1d" />
    <TestEntry testId="873cfd3d-4d20-5ade-17b0-8b4a8e18b400" executionId="c9bfaf53-d909-489a-8c13-2de67fd89c77" testListId="8c84fa94-04c1-424b-9868-57a2d4851a1d" />
    <TestEntry testId="bc06af3c-625d-48eb-ea80-1f8f3c32a40b" executionId="6afe494d-576a-49db-b194-3d0b16c580b4" testListId="8c84fa94-04c1-424b-9868-57a2d4851a1d" />
    <TestEntry testId="db6c36d5-e323-6b4b-ff88-782488b06650" executionId="42b2e646-0877-44cd-8a10-a565fc1a45eb" testListId="8c84fa94-04c1-424b-9868-57a2d4851a1d" />
    <TestEntry testId="68178ba7-0b27-2d8e-4b42-334a8d38aafa" executionId="49a5388e-c0fa-47e2-bd9c-a7a1179d38e5" testListId="8c84fa94-04c1-424b-9868-57a2d4851a1d" />
  </TestEntries>
  <Results>
    <UnitTestResult executionId="274a09d5-bc4b-4e3d-8936-0354867e8bf5" testId="0a990214-4c32-c590-120c-3983084b746a" testName="FabricIsOn" computerName="NIPUN-DEV" duration="00:00:00.0112808" startTime="2014-08-06T16:54:57.9675272+05:30" endTime="2014-08-06T16:54:58.4098041+05:30" testType="13cdc9d9-ddb5-4fa4-a97d-d965ccfc6d4b" outcome="Passed" testListId="8c84fa94-04c1-424b-9868-57a2d4851a1d" relativeResultsDirectory="274a09d5-bc4b-4e3d-8936-0354867e8bf5">
    </UnitTestResult>
    <UnitTestResult executionId="74935178-d0e9-4696-9a9c-60d2b5efd006" testId="90cff3a7-c376-8901-53c4-3f5300488f56" testName="StartDevFabric" computerName="NIPUN-DEV" duration="00:00:03.4435680" startTime="2014-08-06T16:54:58.4143227+05:30" endTime="2014-08-06T16:55:01.8616044+05:30" testType="13cdc9d9-ddb5-4fa4-a97d-d965ccfc6d4b" outcome="Passed" testListId="8c84fa94-04c1-424b-9868-57a2d4851a1d" relativeResultsDirectory="74935178-d0e9-4696-9a9c-60d2b5efd006">
    </UnitTestResult>
    <UnitTestResult executionId="72219ee2-ae54-436c-a946-f80635286e4a" testId="29606469-6650-eed0-1b2e-7bd5974d646d" testName="StopDevFabric" computerName="NIPUN-DEV" duration="00:00:05.9273961" startTime="2014-08-06T16:55:01.8706105+05:30" endTime="2014-08-06T16:55:07.8028341+05:30" testType="13cdc9d9-ddb5-4fa4-a97d-d965ccfc6d4b" outcome="Passed" testListId="8c84fa94-04c1-424b-9868-57a2d4851a1d" relativeResultsDirectory="72219ee2-ae54-436c-a946-f80635286e4a">
    </UnitTestResult>
    <UnitTestResult executionId="653fddad-61bc-431b-951c-8d9f59a0b86e" testId="21ef95f6-5cba-3fe4-8df8-8981def7d812" testName="ValidateBlobStorageInit" computerName="NIPUN-DEV" duration="00:00:02.2017988" startTime="2014-08-06T16:55:07.8108365+05:30" endTime="2014-08-06T16:55:10.0175302+05:30" testType="13cdc9d9-ddb5-4fa4-a97d-d965ccfc6d4b" outcome="Passed" testListId="8c84fa94-04c1-424b-9868-57a2d4851a1d" relativeResultsDirectory="653fddad-61bc-431b-951c-8d9f59a0b86e">
    </UnitTestResult>
    <UnitTestResult executionId="ad4413e3-48c0-41c2-820f-9d02e284631b" testId="d0887670-0b24-6c16-6b15-0f9007b0466f" testName="ValidateQueue" computerName="NIPUN-DEV" duration="00:00:00.0881180" startTime="2014-08-06T16:55:10.0215326+05:30" endTime="2014-08-06T16:55:10.1125005+05:30" testType="13cdc9d9-ddb5-4fa4-a97d-d965ccfc6d4b" outcome="Passed" testListId="8c84fa94-04c1-424b-9868-57a2d4851a1d" relativeResultsDirectory="ad4413e3-48c0-41c2-820f-9d02e284631b">
    </UnitTestResult>
    <UnitTestResult executionId="c9bfaf53-d909-489a-8c13-2de67fd89c77" testId="873cfd3d-4d20-5ade-17b0-8b4a8e18b400" testName="ValidateUploadBlob" computerName="NIPUN-DEV" duration="00:00:00.5977815" startTime="2014-08-06T16:55:10.1175006+05:30" endTime="2014-08-06T16:55:10.7181534+05:30" testType="13cdc9d9-ddb5-4fa4-a97d-d965ccfc6d4b" outcome="Passed" testListId="8c84fa94-04c1-424b-9868-57a2d4851a1d" relativeResultsDirectory="c9bfaf53-d909-489a-8c13-2de67fd89c77">
    </UnitTestResult>
    <UnitTestResult executionId="6afe494d-576a-49db-b194-3d0b16c580b4" testId="bc06af3c-625d-48eb-ea80-1f8f3c32a40b" testName="ValidateTables" computerName="NIPUN-DEV" duration="00:00:00.4691223" startTime="2014-08-06T16:55:10.7221546+05:30" endTime="2014-08-06T16:55:11.1948291+05:30" testType="13cdc9d9-ddb5-4fa4-a97d-d965ccfc6d4b" outcome="Passed" testListId="8c84fa94-04c1-424b-9868-57a2d4851a1d" relativeResultsDirectory="6afe494d-576a-49db-b194-3d0b16c580b4">
    </UnitTestResult>
    <UnitTestResult executionId="42b2e646-0877-44cd-8a10-a565fc1a45eb" testId="db6c36d5-e323-6b4b-ff88-782488b06650" testName="DeleteTable" computerName="NIPUN-DEV" duration="00:00:00.1240147" startTime="2014-08-06T16:55:11.1988321+05:30" endTime="2014-08-06T16:55:11.3247811+05:30" testType="13cdc9d9-ddb5-4fa4-a97d-d965ccfc6d4b" outcome="Passed" testListId="8c84fa94-04c1-424b-9868-57a2d4851a1d" relativeResultsDirectory="42b2e646-0877-44cd-8a10-a565fc1a45eb">
    </UnitTestResult>
    <UnitTestResult executionId="49a5388e-c0fa-47e2-bd9c-a7a1179d38e5" testId="68178ba7-0b27-2d8e-4b42-334a8d38aafa" testName="ValidateQueue2" computerName="NIPUN-DEV" duration="00:00:00.3562115" startTime="2014-08-06T16:55:11.3287841+05:30" endTime="2014-08-06T16:55:11.6879080+05:30" testType="13cdc9d9-ddb5-4fa4-a97d-d965ccfc6d4b" outcome="Passed" testListId="8c84fa94-04c1-424b-9868-57a2d4851a1d" relativeResultsDirectory="49a5388e-c0fa-47e2-bd9c-a7a1179d38e5">
    </UnitTestResult>
  </Results>
</TestRun>