<?xml version="1.0" encoding="UTF-8"?>
<TestRun id="00df36c4-1d67-4e0e-9f53-f6d5d9484e41" name="niaro@NIPUN-DEV 2014-08-06 14:50:36" runUser="FAREAST\niaro" xmlns="http://microsoft.com/schemas/VisualStudio/TeamTest/2010">
  <TestSettings name="Local" id="c7192d5d-7afa-4901-bb50-e2fb6ac69b6d">
    <Description>These are default test settings for a local test run.</Description>
    <Deployment enabled="false" runDeploymentRoot="niaro_NIPUN-DEV 2014-08-06 14_50_36">
      <DeploymentItem filename="C:\Users\niaro\Documents\Visual Studio 2010\Projects\Begin\GuestBook_Data\bin\Debug\GuestBook_Data.dll" />
      <DeploymentItem filename="C:\Program Files\Microsoft SDKs\Windows Azure\.NET SDK\v2.1\ref\Microsoft.WindowsAzure.StorageClient.dll" />
    </Deployment>
    <Execution>
      <TestTypeSpecific />
      <AgentRule name="Execution Agents">
      </AgentRule>
    </Execution>
  </TestSettings>
  <Times creation="2014-08-06T14:50:36.0188209+05:30" queuing="2014-08-06T14:50:49.3593048+05:30" start="2014-08-06T14:50:49.9408310+05:30" finish="2014-08-06T14:52:50.8482819+05:30" />
  <ResultSummary outcome="Failed">
    <Counters total="6" executed="6" passed="3" error="0" failed="3" timeout="0" aborted="0" inconclusive="0" passedButRunAborted="0" notRunnable="0" notExecuted="0" disconnected="0" warning="0" completed="0" inProgress="0" pending="0" />
  </ResultSummary>
  <TestDefinitions>
    <UnitTest name="ValidateBlobStorageInit" storage="c:\users\niaro\documents\visual studio 2010\projects\begin\testguestbook\bin\debug\testguestbook.dll" id="21ef95f6-5cba-3fe4-8df8-8981def7d812">
      <Execution id="ec78fae6-fbff-4ff8-a577-b5bf46709971" />
      <TestMethod codeBase="C:/Users/niaro/Documents/Visual Studio 2010/Projects/Begin/TestGuestBook/bin/Debug/TestGuestBook.DLL" adapterTypeName="Microsoft.VisualStudio.TestTools.TestTypes.Unit.UnitTestAdapter, Microsoft.VisualStudio.QualityTools.Tips.UnitTest.Adapter, Version=10.0.0.0, Culture=neutral, PublicKeyToken=b03f5f7f11d50a3a" className="TestGuestBook.Storage, TestGuestBook, Version=1.0.0.0, Culture=neutral, PublicKeyToken=null" name="ValidateBlobStorageInit" />
    </UnitTest>
    <UnitTest name="TestMethod1" storage="c:\users\niaro\documents\visual studio 2010\projects\begin\testguestbook\bin\debug\testguestbook.dll" id="5b6994ba-9e98-6ccb-8091-432610be627a">
      <Execution id="720b4cb9-ab4e-445d-9e5f-6d8a324fa7de" />
      <TestMethod codeBase="C:/Users/niaro/Documents/Visual Studio 2010/Projects/Begin/TestGuestBook/bin/Debug/TestGuestBook.DLL" adapterTypeName="Microsoft.VisualStudio.TestTools.TestTypes.Unit.UnitTestAdapter, Microsoft.VisualStudio.QualityTools.Tips.UnitTest.Adapter, Version=10.0.0.0, Culture=neutral, PublicKeyToken=b03f5f7f11d50a3a" className="TestGuestBook.Storage, TestGuestBook, Version=1.0.0.0, Culture=neutral, PublicKeyToken=null" name="TestMethod1" />
    </UnitTest>
    <UnitTest name="StartDevFabric" storage="c:\users\niaro\documents\visual studio 2010\projects\begin\testguestbook\bin\debug\testguestbook.dll" id="90cff3a7-c376-8901-53c4-3f5300488f56">
      <Execution id="b772d61d-df71-4181-8445-91b6d38d8d35" />
      <TestMethod codeBase="C:/Users/niaro/Documents/Visual Studio 2010/Projects/Begin/TestGuestBook/bin/Debug/TestGuestBook.DLL" adapterTypeName="Microsoft.VisualStudio.TestTools.TestTypes.Unit.UnitTestAdapter, Microsoft.VisualStudio.QualityTools.Tips.UnitTest.Adapter, Version=10.0.0.0, Culture=neutral, PublicKeyToken=b03f5f7f11d50a3a" className="TestGuestBook.Storage, TestGuestBook, Version=1.0.0.0, Culture=neutral, PublicKeyToken=null" name="StartDevFabric" />
    </UnitTest>
    <UnitTest name="StopDevFabric" storage="c:\users\niaro\documents\visual studio 2010\projects\begin\testguestbook\bin\debug\testguestbook.dll" id="29606469-6650-eed0-1b2e-7bd5974d646d">
      <Execution id="818fe6d4-8d3c-497d-92fe-33bf619999a8" />
      <TestMethod codeBase="C:/Users/niaro/Documents/Visual Studio 2010/Projects/Begin/TestGuestBook/bin/Debug/TestGuestBook.DLL" adapterTypeName="Microsoft.VisualStudio.TestTools.TestTypes.Unit.UnitTestAdapter, Microsoft.VisualStudio.QualityTools.Tips.UnitTest.Adapter, Version=10.0.0.0, Culture=neutral, PublicKeyToken=b03f5f7f11d50a3a" className="TestGuestBook.Storage, TestGuestBook, Version=1.0.0.0, Culture=neutral, PublicKeyToken=null" name="StopDevFabric" />
    </UnitTest>
    <UnitTest name="FabricIsOn" storage="c:\users\niaro\documents\visual studio 2010\projects\begin\testguestbook\bin\debug\testguestbook.dll" id="0a990214-4c32-c590-120c-3983084b746a">
      <Execution id="5fd28466-b666-4867-b6a7-980e984e7955" />
      <TestMethod codeBase="C:/Users/niaro/Documents/Visual Studio 2010/Projects/Begin/TestGuestBook/bin/Debug/TestGuestBook.DLL" adapterTypeName="Microsoft.VisualStudio.TestTools.TestTypes.Unit.UnitTestAdapter, Microsoft.VisualStudio.QualityTools.Tips.UnitTest.Adapter, Version=10.0.0.0, Culture=neutral, PublicKeyToken=b03f5f7f11d50a3a" className="TestGuestBook.Storage, TestGuestBook, Version=1.0.0.0, Culture=neutral, PublicKeyToken=null" name="FabricIsOn" />
    </UnitTest>
    <UnitTest name="ValidateQueue" storage="c:\users\niaro\documents\visual studio 2010\projects\begin\testguestbook\bin\debug\testguestbook.dll" id="d0887670-0b24-6c16-6b15-0f9007b0466f">
      <Execution id="b71ae692-2534-49c7-863c-a9d0b9bb4192" />
      <TestMethod codeBase="C:/Users/niaro/Documents/Visual Studio 2010/Projects/Begin/TestGuestBook/bin/Debug/TestGuestBook.DLL" adapterTypeName="Microsoft.VisualStudio.TestTools.TestTypes.Unit.UnitTestAdapter, Microsoft.VisualStudio.QualityTools.Tips.UnitTest.Adapter, Version=10.0.0.0, Culture=neutral, PublicKeyToken=b03f5f7f11d50a3a" className="TestGuestBook.Storage, TestGuestBook, Version=1.0.0.0, Culture=neutral, PublicKeyToken=null" name="ValidateQueue" />
    </UnitTest>
  </TestDefinitions>
  <TestLists>
    <TestList name="Results Not in a List" id="8c84fa94-04c1-424b-9868-57a2d4851a1d" />
    <TestList name="All Loaded Results" id="19431567-8539-422a-85d7-44ee4e166bda" />
  </TestLists>
  <TestEntries>
    <TestEntry testId="5b6994ba-9e98-6ccb-8091-432610be627a" executionId="720b4cb9-ab4e-445d-9e5f-6d8a324fa7de" testListId="8c84fa94-04c1-424b-9868-57a2d4851a1d" />
    <TestEntry testId="0a990214-4c32-c590-120c-3983084b746a" executionId="5fd28466-b666-4867-b6a7-980e984e7955" testListId="8c84fa94-04c1-424b-9868-57a2d4851a1d" />
    <TestEntry testId="90cff3a7-c376-8901-53c4-3f5300488f56" executionId="b772d61d-df71-4181-8445-91b6d38d8d35" testListId="8c84fa94-04c1-424b-9868-57a2d4851a1d" />
    <TestEntry testId="29606469-6650-eed0-1b2e-7bd5974d646d" executionId="818fe6d4-8d3c-497d-92fe-33bf619999a8" testListId="8c84fa94-04c1-424b-9868-57a2d4851a1d" />
    <TestEntry testId="21ef95f6-5cba-3fe4-8df8-8981def7d812" executionId="ec78fae6-fbff-4ff8-a577-b5bf46709971" testListId="8c84fa94-04c1-424b-9868-57a2d4851a1d" />
    <TestEntry testId="d0887670-0b24-6c16-6b15-0f9007b0466f" executionId="b71ae692-2534-49c7-863c-a9d0b9bb4192" testListId="8c84fa94-04c1-424b-9868-57a2d4851a1d" />
  </TestEntries>
  <Results>
    <UnitTestResult executionId="720b4cb9-ab4e-445d-9e5f-6d8a324fa7de" testId="5b6994ba-9e98-6ccb-8091-432610be627a" testName="TestMethod1" computerName="NIPUN-DEV" duration="00:00:00.0119998" startTime="2014-08-06T14:50:50.1161152+05:30" endTime="2014-08-06T14:50:50.6736319+05:30" testType="13cdc9d9-ddb5-4fa4-a97d-d965ccfc6d4b" outcome="Passed" testListId="8c84fa94-04c1-424b-9868-57a2d4851a1d" relativeResultsDirectory="720b4cb9-ab4e-445d-9e5f-6d8a324fa7de">
    </UnitTestResult>
    <UnitTestResult executionId="5fd28466-b666-4867-b6a7-980e984e7955" testId="0a990214-4c32-c590-120c-3983084b746a" testName="FabricIsOn" computerName="NIPUN-DEV" duration="00:00:00.0053942" startTime="2014-08-06T14:50:50.7136322+05:30" endTime="2014-08-06T14:50:50.7381789+05:30" testType="13cdc9d9-ddb5-4fa4-a97d-d965ccfc6d4b" outcome="Passed" testListId="8c84fa94-04c1-424b-9868-57a2d4851a1d" relativeResultsDirectory="5fd28466-b666-4867-b6a7-980e984e7955">
    </UnitTestResult>
    <UnitTestResult executionId="b772d61d-df71-4181-8445-91b6d38d8d35" testId="90cff3a7-c376-8901-53c4-3f5300488f56" testName="StartDevFabric" computerName="NIPUN-DEV" duration="00:00:01.0492175" startTime="2014-08-06T14:50:50.7431813+05:30" endTime="2014-08-06T14:50:51.7947973+05:30" testType="13cdc9d9-ddb5-4fa4-a97d-d965ccfc6d4b" outcome="Passed" testListId="8c84fa94-04c1-424b-9868-57a2d4851a1d" relativeResultsDirectory="b772d61d-df71-4181-8445-91b6d38d8d35">
    </UnitTestResult>
    <UnitTestResult executionId="818fe6d4-8d3c-497d-92fe-33bf619999a8" testId="29606469-6650-eed0-1b2e-7bd5974d646d" testName="StopDevFabric" computerName="NIPUN-DEV" duration="00:01:39.9819964" startTime="2014-08-06T14:50:51.7988003+05:30" endTime="2014-08-06T14:52:31.7835326+05:30" testType="13cdc9d9-ddb5-4fa4-a97d-d965ccfc6d4b" outcome="Failed" testListId="8c84fa94-04c1-424b-9868-57a2d4851a1d" relativeResultsDirectory="818fe6d4-8d3c-497d-92fe-33bf619999a8">
      <Output>
        <ErrorInfo>
          <Message>Test method TestGuestBook.Storage.StopDevFabric threw exception: 
System.InvalidOperationException: Process has exited, so the requested information is not available.</Message>
          <StackTrace>    at System.Diagnostics.Process.EnsureState(State state)
   at System.Diagnostics.Process.get_HandleCount()
</StackTrace>
        </ErrorInfo>
      </Output>
    </UnitTestResult>
    <UnitTestResult executionId="ec78fae6-fbff-4ff8-a577-b5bf46709971" testId="21ef95f6-5cba-3fe4-8df8-8981def7d812" testName="ValidateBlobStorageInit" computerName="NIPUN-DEV" duration="00:00:15.7518908" startTime="2014-08-06T14:52:31.7905330+05:30" endTime="2014-08-06T14:52:47.5461935+05:30" testType="13cdc9d9-ddb5-4fa4-a97d-d965ccfc6d4b" outcome="Failed" testListId="8c84fa94-04c1-424b-9868-57a2d4851a1d" relativeResultsDirectory="ec78fae6-fbff-4ff8-a577-b5bf46709971">
      <Output>
        <ErrorInfo>
          <Message>Assert.AreEqual failed. Expected:&lt;Container&gt;. Actual:&lt;(null)&gt;. </Message>
          <StackTrace>   at TestGuestBook.Storage.ValidateBlobStorageInit() in C:\Users\niaro\Documents\Visual Studio 2010\Projects\Begin\TestGuestBook\Storage.cs:line 119
</StackTrace>
        </ErrorInfo>
      </Output>
    </UnitTestResult>
    <UnitTestResult executionId="b71ae692-2534-49c7-863c-a9d0b9bb4192" testId="d0887670-0b24-6c16-6b15-0f9007b0466f" testName="ValidateQueue" computerName="NIPUN-DEV" duration="00:00:02.8756016" startTime="2014-08-06T14:52:47.5622034+05:30" endTime="2014-08-06T14:52:50.4434031+05:30" testType="13cdc9d9-ddb5-4fa4-a97d-d965ccfc6d4b" outcome="Failed" testListId="8c84fa94-04c1-424b-9868-57a2d4851a1d" relativeResultsDirectory="b71ae692-2534-49c7-863c-a9d0b9bb4192">
      <Output>
        <ErrorInfo>
          <Message>Assert.AreEqual failed. Expected:&lt;http://127.0.0.1:10000/devstoreaccount1/guestthumbs&gt;. Actual:&lt;http://127.0.0.1:10001/devstoreaccount1/guestthumbs&gt;. </Message>
          <StackTrace>   at TestGuestBook.Storage.ValidateQueue() in C:\Users\niaro\Documents\Visual Studio 2010\Projects\Begin\TestGuestBook\Storage.cs:line 138
</StackTrace>
        </ErrorInfo>
      </Output>
    </UnitTestResult>
  </Results>
</TestRun>