<?xml version="1.0" encoding="UTF-8"?>
<TestRun id="3016ff74-c0fc-42c5-b71c-1a697a64eea2" name="niaro@NIPUN-DEV 2014-08-06 15:10:36" runUser="FAREAST\niaro" xmlns="http://microsoft.com/schemas/VisualStudio/TeamTest/2010">
  <TestSettings name="Local" id="c7192d5d-7afa-4901-bb50-e2fb6ac69b6d">
    <Description>These are default test settings for a local test run.</Description>
    <Deployment enabled="false" runDeploymentRoot="niaro_NIPUN-DEV 2014-08-06 15_10_36">
      <DeploymentItem filename="C:\Users\niaro\Documents\Visual Studio 2010\Projects\Begin\GuestBook_Data\bin\Debug\GuestBook_Data.dll" />
      <DeploymentItem filename="C:\Program Files\Microsoft SDKs\Windows Azure\.NET SDK\v2.1\ref\Microsoft.WindowsAzure.StorageClient.dll" />
    </Deployment>
    <Execution>
      <TestTypeSpecific />
      <AgentRule name="Execution Agents">
      </AgentRule>
    </Execution>
  </TestSettings>
  <Times creation="2014-08-06T15:10:36.5224385+05:30" queuing="2014-08-06T15:10:37.3070969+05:30" start="2014-08-06T15:10:37.3391164+05:30" finish="2014-08-06T15:12:19.7846880+05:30" />
  <ResultSummary outcome="Error">
    <Counters total="5" executed="5" passed="4" error="0" failed="0" timeout="0" aborted="1" inconclusive="0" passedButRunAborted="0" notRunnable="0" notExecuted="0" disconnected="0" warning="0" completed="0" inProgress="0" pending="0" />
    <RunInfos>
      <RunInfo computerName="NIPUN-DEV" outcome="Error" timestamp="2014-08-06T15:12:19.7846880+05:30">
        <Text>Test host process exited unexpectedly.</Text>
      </RunInfo>
    </RunInfos>
  </ResultSummary>
  <TestDefinitions>
    <UnitTest name="ValidateQueue" storage="c:\users\niaro\documents\visual studio 2010\projects\begin\testguestbook\bin\debug\testguestbook.dll" id="d0887670-0b24-6c16-6b15-0f9007b0466f">
      <Execution id="3f46f06f-3d5c-4412-a78b-f9e8d7581200" />
      <TestMethod codeBase="C:/Users/niaro/Documents/Visual Studio 2010/Projects/Begin/TestGuestBook/bin/Debug/TestGuestBook.DLL" adapterTypeName="Microsoft.VisualStudio.TestTools.TestTypes.Unit.UnitTestAdapter, Microsoft.VisualStudio.QualityTools.Tips.UnitTest.Adapter, Version=10.0.0.0, Culture=neutral, PublicKeyToken=b03f5f7f11d50a3a" className="TestGuestBook.Storage, TestGuestBook, Version=1.0.0.0, Culture=neutral, PublicKeyToken=null" name="ValidateQueue" />
    </UnitTest>
    <UnitTest name="FabricIsOn" storage="c:\users\niaro\documents\visual studio 2010\projects\begin\testguestbook\bin\debug\testguestbook.dll" id="0a990214-4c32-c590-120c-3983084b746a">
      <Execution id="ed630558-8d50-4548-b966-1ef9941e920f" />
      <TestMethod codeBase="C:/Users/niaro/Documents/Visual Studio 2010/Projects/Begin/TestGuestBook/bin/Debug/TestGuestBook.DLL" adapterTypeName="Microsoft.VisualStudio.TestTools.TestTypes.Unit.UnitTestAdapter, Microsoft.VisualStudio.QualityTools.Tips.UnitTest.Adapter, Version=10.0.0.0, Culture=neutral, PublicKeyToken=b03f5f7f11d50a3a" className="TestGuestBook.Storage, TestGuestBook, Version=1.0.0.0, Culture=neutral, PublicKeyToken=null" name="FabricIsOn" />
    </UnitTest>
    <UnitTest name="ValidateBlobStorageInit" storage="c:\users\niaro\documents\visual studio 2010\projects\begin\testguestbook\bin\debug\testguestbook.dll" id="21ef95f6-5cba-3fe4-8df8-8981def7d812">
      <Execution id="2b444450-d74d-4f88-bd22-ef74b5830ef8" />
      <TestMethod codeBase="C:/Users/niaro/Documents/Visual Studio 2010/Projects/Begin/TestGuestBook/bin/Debug/TestGuestBook.DLL" adapterTypeName="Microsoft.VisualStudio.TestTools.TestTypes.Unit.UnitTestAdapter, Microsoft.VisualStudio.QualityTools.Tips.UnitTest.Adapter, Version=10.0.0.0, Culture=neutral, PublicKeyToken=b03f5f7f11d50a3a" className="TestGuestBook.Storage, TestGuestBook, Version=1.0.0.0, Culture=neutral, PublicKeyToken=null" name="ValidateBlobStorageInit" />
    </UnitTest>
    <UnitTest name="StartDevFabric" storage="c:\users\niaro\documents\visual studio 2010\projects\begin\testguestbook\bin\debug\testguestbook.dll" id="90cff3a7-c376-8901-53c4-3f5300488f56">
      <Execution id="f1d16397-12b6-41ce-af60-b7b96fd4ec6c" />
      <TestMethod codeBase="C:/Users/niaro/Documents/Visual Studio 2010/Projects/Begin/TestGuestBook/bin/Debug/TestGuestBook.DLL" adapterTypeName="Microsoft.VisualStudio.TestTools.TestTypes.Unit.UnitTestAdapter, Microsoft.VisualStudio.QualityTools.Tips.UnitTest.Adapter, Version=10.0.0.0, Culture=neutral, PublicKeyToken=b03f5f7f11d50a3a" className="TestGuestBook.Storage, TestGuestBook, Version=1.0.0.0, Culture=neutral, PublicKeyToken=null" name="StartDevFabric" />
    </UnitTest>
    <UnitTest name="StopDevFabric" storage="c:\users\niaro\documents\visual studio 2010\projects\begin\testguestbook\bin\debug\testguestbook.dll" id="29606469-6650-eed0-1b2e-7bd5974d646d">
      <Execution id="d26e669b-17ec-41bf-9172-411a56f081f2" />
      <TestMethod codeBase="C:/Users/niaro/Documents/Visual Studio 2010/Projects/Begin/TestGuestBook/bin/Debug/TestGuestBook.DLL" adapterTypeName="Microsoft.VisualStudio.TestTools.TestTypes.Unit.UnitTestAdapter, Microsoft.VisualStudio.QualityTools.Tips.UnitTest.Adapter, Version=10.0.0.0, Culture=neutral, PublicKeyToken=b03f5f7f11d50a3a" className="TestGuestBook.Storage, TestGuestBook, Version=1.0.0.0, Culture=neutral, PublicKeyToken=null" name="StopDevFabric" />
    </UnitTest>
  </TestDefinitions>
  <TestLists>
    <TestList name="Results Not in a List" id="8c84fa94-04c1-424b-9868-57a2d4851a1d" />
    <TestList name="All Loaded Results" id="19431567-8539-422a-85d7-44ee4e166bda" />
  </TestLists>
  <TestEntries>
    <TestEntry testId="0a990214-4c32-c590-120c-3983084b746a" executionId="ed630558-8d50-4548-b966-1ef9941e920f" testListId="8c84fa94-04c1-424b-9868-57a2d4851a1d" />
    <TestEntry testId="90cff3a7-c376-8901-53c4-3f5300488f56" executionId="f1d16397-12b6-41ce-af60-b7b96fd4ec6c" testListId="8c84fa94-04c1-424b-9868-57a2d4851a1d" />
    <TestEntry testId="29606469-6650-eed0-1b2e-7bd5974d646d" executionId="d26e669b-17ec-41bf-9172-411a56f081f2" testListId="8c84fa94-04c1-424b-9868-57a2d4851a1d" />
    <TestEntry testId="21ef95f6-5cba-3fe4-8df8-8981def7d812" executionId="2b444450-d74d-4f88-bd22-ef74b5830ef8" testListId="8c84fa94-04c1-424b-9868-57a2d4851a1d" />
    <TestEntry testId="d0887670-0b24-6c16-6b15-0f9007b0466f" executionId="3f46f06f-3d5c-4412-a78b-f9e8d7581200" testListId="8c84fa94-04c1-424b-9868-57a2d4851a1d" />
  </TestEntries>
  <Results>
    <UnitTestResult executionId="ed630558-8d50-4548-b966-1ef9941e920f" testId="0a990214-4c32-c590-120c-3983084b746a" testName="FabricIsOn" computerName="NIPUN-DEV" duration="00:00:00.0130422" startTime="2014-08-06T15:10:37.3581304+05:30" endTime="2014-08-06T15:10:37.8404513+05:30" testType="13cdc9d9-ddb5-4fa4-a97d-d965ccfc6d4b" outcome="Passed" testListId="8c84fa94-04c1-424b-9868-57a2d4851a1d" relativeResultsDirectory="ed630558-8d50-4548-b966-1ef9941e920f">
    </UnitTestResult>
    <UnitTestResult executionId="f1d16397-12b6-41ce-af60-b7b96fd4ec6c" testId="90cff3a7-c376-8901-53c4-3f5300488f56" testName="StartDevFabric" computerName="NIPUN-DEV" duration="00:00:00.5164647" startTime="2014-08-06T15:10:37.8444536+05:30" endTime="2014-08-06T15:10:38.3643366+05:30" testType="13cdc9d9-ddb5-4fa4-a97d-d965ccfc6d4b" outcome="Passed" testListId="8c84fa94-04c1-424b-9868-57a2d4851a1d" relativeResultsDirectory="f1d16397-12b6-41ce-af60-b7b96fd4ec6c">
    </UnitTestResult>
    <UnitTestResult executionId="d26e669b-17ec-41bf-9172-411a56f081f2" testId="29606469-6650-eed0-1b2e-7bd5974d646d" testName="StopDevFabric" computerName="NIPUN-DEV" duration="00:00:05.9784401" startTime="2014-08-06T15:10:38.3683392+05:30" endTime="2014-08-06T15:10:44.3484604+05:30" testType="13cdc9d9-ddb5-4fa4-a97d-d965ccfc6d4b" outcome="Passed" testListId="8c84fa94-04c1-424b-9868-57a2d4851a1d" relativeResultsDirectory="d26e669b-17ec-41bf-9172-411a56f081f2">
    </UnitTestResult>
    <UnitTestResult executionId="2b444450-d74d-4f88-bd22-ef74b5830ef8" testId="21ef95f6-5cba-3fe4-8df8-8981def7d812" testName="ValidateBlobStorageInit" computerName="NIPUN-DEV" duration="00:00:02.1154805" startTime="2014-08-06T15:10:44.3534625+05:30" endTime="2014-08-06T15:10:46.4731615+05:30" testType="13cdc9d9-ddb5-4fa4-a97d-d965ccfc6d4b" outcome="Passed" testListId="8c84fa94-04c1-424b-9868-57a2d4851a1d" relativeResultsDirectory="2b444450-d74d-4f88-bd22-ef74b5830ef8">
    </UnitTestResult>
    <UnitTestResult executionId="3f46f06f-3d5c-4412-a78b-f9e8d7581200" testId="d0887670-0b24-6c16-6b15-0f9007b0466f" testName="ValidateQueue" computerName="NIPUN-DEV" duration="00:01:33.3075227" startTime="2014-08-06T15:10:46.4771653+05:30" endTime="2014-08-06T15:12:19.7846880+05:30" testType="13cdc9d9-ddb5-4fa4-a97d-d965ccfc6d4b" outcome="Aborted" testListId="8c84fa94-04c1-424b-9868-57a2d4851a1d" relativeResultsDirectory="3f46f06f-3d5c-4412-a78b-f9e8d7581200">
    </UnitTestResult>
  </Results>
</TestRun>