<?xml version="1.0" encoding="UTF-8"?>
<TestRun id="63afdd2c-f1d4-4cb2-bac7-ee92b32741d7" name="niaro@NIPUN-DEV 2014-08-06 16:11:05" runUser="FAREAST\niaro" xmlns="http://microsoft.com/schemas/VisualStudio/TeamTest/2010">
  <TestSettings name="Local" id="c7192d5d-7afa-4901-bb50-e2fb6ac69b6d">
    <Description>These are default test settings for a local test run.</Description>
    <Deployment enabled="false" runDeploymentRoot="niaro_NIPUN-DEV 2014-08-06 16_11_05">
      <DeploymentItem filename="C:\Users\niaro\Documents\Visual Studio 2010\Projects\Begin\GuestBook_Data\bin\Debug\GuestBook_Data.dll" />
      <DeploymentItem filename="C:\Program Files\Microsoft SDKs\Windows Azure\.NET SDK\v2.1\ref\Microsoft.WindowsAzure.StorageClient.dll" />
    </Deployment>
    <Execution>
      <TestTypeSpecific />
      <AgentRule name="Execution Agents">
      </AgentRule>
    </Execution>
  </TestSettings>
  <Times creation="2014-08-06T16:11:05.4132577+05:30" queuing="2014-08-06T16:11:06.3149690+05:30" start="2014-08-06T16:11:06.3469914+05:30" finish="2014-08-06T16:11:16.7944788+05:30" />
  <ResultSummary outcome="Completed">
    <Counters total="6" executed="6" passed="6" error="0" failed="0" timeout="0" aborted="0" inconclusive="0" passedButRunAborted="0" notRunnable="0" notExecuted="0" disconnected="0" warning="0" completed="0" inProgress="0" pending="0" />
  </ResultSummary>
  <TestDefinitions>
    <UnitTest name="ValidateBlobStorageInit" storage="c:\users\niaro\documents\visual studio 2010\projects\begin\testguestbook\bin\debug\testguestbook.dll" id="21ef95f6-5cba-3fe4-8df8-8981def7d812">
      <Execution id="f9ba5111-140f-4e15-b957-57247371b8d6" />
      <TestMethod codeBase="C:/Users/niaro/Documents/Visual Studio 2010/Projects/Begin/TestGuestBook/bin/Debug/TestGuestBook.DLL" adapterTypeName="Microsoft.VisualStudio.TestTools.TestTypes.Unit.UnitTestAdapter, Microsoft.VisualStudio.QualityTools.Tips.UnitTest.Adapter, Version=10.0.0.0, Culture=neutral, PublicKeyToken=b03f5f7f11d50a3a" className="TestGuestBook.Storage, TestGuestBook, Version=1.0.0.0, Culture=neutral, PublicKeyToken=null" name="ValidateBlobStorageInit" />
    </UnitTest>
    <UnitTest name="ValidateUploadBlob" storage="c:\users\niaro\documents\visual studio 2010\projects\begin\testguestbook\bin\debug\testguestbook.dll" id="873cfd3d-4d20-5ade-17b0-8b4a8e18b400">
      <Execution id="936e31c5-f84e-46f2-9d8b-7b27bb32a065" />
      <TestMethod codeBase="C:/Users/niaro/Documents/Visual Studio 2010/Projects/Begin/TestGuestBook/bin/Debug/TestGuestBook.DLL" adapterTypeName="Microsoft.VisualStudio.TestTools.TestTypes.Unit.UnitTestAdapter, Microsoft.VisualStudio.QualityTools.Tips.UnitTest.Adapter, Version=10.0.0.0, Culture=neutral, PublicKeyToken=b03f5f7f11d50a3a" className="TestGuestBook.Storage, TestGuestBook, Version=1.0.0.0, Culture=neutral, PublicKeyToken=null" name="ValidateUploadBlob" />
    </UnitTest>
    <UnitTest name="StartDevFabric" storage="c:\users\niaro\documents\visual studio 2010\projects\begin\testguestbook\bin\debug\testguestbook.dll" id="90cff3a7-c376-8901-53c4-3f5300488f56">
      <Execution id="30f79557-2dd6-4243-a479-1e0af61c15f9" />
      <TestMethod codeBase="C:/Users/niaro/Documents/Visual Studio 2010/Projects/Begin/TestGuestBook/bin/Debug/TestGuestBook.DLL" adapterTypeName="Microsoft.VisualStudio.TestTools.TestTypes.Unit.UnitTestAdapter, Microsoft.VisualStudio.QualityTools.Tips.UnitTest.Adapter, Version=10.0.0.0, Culture=neutral, PublicKeyToken=b03f5f7f11d50a3a" className="TestGuestBook.Storage, TestGuestBook, Version=1.0.0.0, Culture=neutral, PublicKeyToken=null" name="StartDevFabric" />
    </UnitTest>
    <UnitTest name="StopDevFabric" storage="c:\users\niaro\documents\visual studio 2010\projects\begin\testguestbook\bin\debug\testguestbook.dll" id="29606469-6650-eed0-1b2e-7bd5974d646d">
      <Execution id="ffd87656-e8b1-4259-a3bc-4d99ecda30de" />
      <TestMethod codeBase="C:/Users/niaro/Documents/Visual Studio 2010/Projects/Begin/TestGuestBook/bin/Debug/TestGuestBook.DLL" adapterTypeName="Microsoft.VisualStudio.TestTools.TestTypes.Unit.UnitTestAdapter, Microsoft.VisualStudio.QualityTools.Tips.UnitTest.Adapter, Version=10.0.0.0, Culture=neutral, PublicKeyToken=b03f5f7f11d50a3a" className="TestGuestBook.Storage, TestGuestBook, Version=1.0.0.0, Culture=neutral, PublicKeyToken=null" name="StopDevFabric" />
    </UnitTest>
    <UnitTest name="FabricIsOn" storage="c:\users\niaro\documents\visual studio 2010\projects\begin\testguestbook\bin\debug\testguestbook.dll" id="0a990214-4c32-c590-120c-3983084b746a">
      <Execution id="0ba28497-5140-4f40-9bbb-72da2c120335" />
      <TestMethod codeBase="C:/Users/niaro/Documents/Visual Studio 2010/Projects/Begin/TestGuestBook/bin/Debug/TestGuestBook.DLL" adapterTypeName="Microsoft.VisualStudio.TestTools.TestTypes.Unit.UnitTestAdapter, Microsoft.VisualStudio.QualityTools.Tips.UnitTest.Adapter, Version=10.0.0.0, Culture=neutral, PublicKeyToken=b03f5f7f11d50a3a" className="TestGuestBook.Storage, TestGuestBook, Version=1.0.0.0, Culture=neutral, PublicKeyToken=null" name="FabricIsOn" />
    </UnitTest>
    <UnitTest name="ValidateQueue" storage="c:\users\niaro\documents\visual studio 2010\projects\begin\testguestbook\bin\debug\testguestbook.dll" id="d0887670-0b24-6c16-6b15-0f9007b0466f">
      <Execution id="9d0a9b70-307f-4c0d-97f6-624b874e9d2e" />
      <TestMethod codeBase="C:/Users/niaro/Documents/Visual Studio 2010/Projects/Begin/TestGuestBook/bin/Debug/TestGuestBook.DLL" adapterTypeName="Microsoft.VisualStudio.TestTools.TestTypes.Unit.UnitTestAdapter, Microsoft.VisualStudio.QualityTools.Tips.UnitTest.Adapter, Version=10.0.0.0, Culture=neutral, PublicKeyToken=b03f5f7f11d50a3a" className="TestGuestBook.Storage, TestGuestBook, Version=1.0.0.0, Culture=neutral, PublicKeyToken=null" name="ValidateQueue" />
    </UnitTest>
  </TestDefinitions>
  <TestLists>
    <TestList name="Results Not in a List" id="8c84fa94-04c1-424b-9868-57a2d4851a1d" />
    <TestList name="All Loaded Results" id="19431567-8539-422a-85d7-44ee4e166bda" />
  </TestLists>
  <TestEntries>
    <TestEntry testId="0a990214-4c32-c590-120c-3983084b746a" executionId="0ba28497-5140-4f40-9bbb-72da2c120335" testListId="8c84fa94-04c1-424b-9868-57a2d4851a1d" />
    <TestEntry testId="90cff3a7-c376-8901-53c4-3f5300488f56" executionId="30f79557-2dd6-4243-a479-1e0af61c15f9" testListId="8c84fa94-04c1-424b-9868-57a2d4851a1d" />
    <TestEntry testId="29606469-6650-eed0-1b2e-7bd5974d646d" executionId="ffd87656-e8b1-4259-a3bc-4d99ecda30de" testListId="8c84fa94-04c1-424b-9868-57a2d4851a1d" />
    <TestEntry testId="21ef95f6-5cba-3fe4-8df8-8981def7d812" executionId="f9ba5111-140f-4e15-b957-57247371b8d6" testListId="8c84fa94-04c1-424b-9868-57a2d4851a1d" />
    <TestEntry testId="d0887670-0b24-6c16-6b15-0f9007b0466f" executionId="9d0a9b70-307f-4c0d-97f6-624b874e9d2e" testListId="8c84fa94-04c1-424b-9868-57a2d4851a1d" />
    <TestEntry testId="873cfd3d-4d20-5ade-17b0-8b4a8e18b400" executionId="936e31c5-f84e-46f2-9d8b-7b27bb32a065" testListId="8c84fa94-04c1-424b-9868-57a2d4851a1d" />
  </TestEntries>
  <Results>
    <UnitTestResult executionId="0ba28497-5140-4f40-9bbb-72da2c120335" testId="0a990214-4c32-c590-120c-3983084b746a" testName="FabricIsOn" computerName="NIPUN-DEV" duration="00:00:00.0121589" startTime="2014-08-06T16:11:06.3860168+05:30" endTime="2014-08-06T16:11:06.8422553+05:30" testType="13cdc9d9-ddb5-4fa4-a97d-d965ccfc6d4b" outcome="Passed" testListId="8c84fa94-04c1-424b-9868-57a2d4851a1d" relativeResultsDirectory="0ba28497-5140-4f40-9bbb-72da2c120335">
    </UnitTestResult>
    <UnitTestResult executionId="30f79557-2dd6-4243-a479-1e0af61c15f9" testId="90cff3a7-c376-8901-53c4-3f5300488f56" testName="StartDevFabric" computerName="NIPUN-DEV" duration="00:00:01.2741887" startTime="2014-08-06T16:11:06.8462586+05:30" endTime="2014-08-06T16:11:08.1241484+05:30" testType="13cdc9d9-ddb5-4fa4-a97d-d965ccfc6d4b" outcome="Passed" testListId="8c84fa94-04c1-424b-9868-57a2d4851a1d" relativeResultsDirectory="30f79557-2dd6-4243-a479-1e0af61c15f9">
    </UnitTestResult>
    <UnitTestResult executionId="ffd87656-e8b1-4259-a3bc-4d99ecda30de" testId="29606469-6650-eed0-1b2e-7bd5974d646d" testName="StopDevFabric" computerName="NIPUN-DEV" duration="00:00:05.9716800" startTime="2014-08-06T16:11:08.1321542+05:30" endTime="2014-08-06T16:11:14.1093782+05:30" testType="13cdc9d9-ddb5-4fa4-a97d-d965ccfc6d4b" outcome="Passed" testListId="8c84fa94-04c1-424b-9868-57a2d4851a1d" relativeResultsDirectory="ffd87656-e8b1-4259-a3bc-4d99ecda30de">
    </UnitTestResult>
    <UnitTestResult executionId="f9ba5111-140f-4e15-b957-57247371b8d6" testId="21ef95f6-5cba-3fe4-8df8-8981def7d812" testName="ValidateBlobStorageInit" computerName="NIPUN-DEV" duration="00:00:02.0344749" startTime="2014-08-06T16:11:14.1133812+05:30" endTime="2014-08-06T16:11:16.1509057+05:30" testType="13cdc9d9-ddb5-4fa4-a97d-d965ccfc6d4b" outcome="Passed" testListId="8c84fa94-04c1-424b-9868-57a2d4851a1d" relativeResultsDirectory="f9ba5111-140f-4e15-b957-57247371b8d6">
    </UnitTestResult>
    <UnitTestResult executionId="9d0a9b70-307f-4c0d-97f6-624b874e9d2e" testId="d0887670-0b24-6c16-6b15-0f9007b0466f" testName="ValidateQueue" computerName="NIPUN-DEV" duration="00:00:00.0914569" startTime="2014-08-06T16:11:16.1559073+05:30" endTime="2014-08-06T16:11:16.2509920+05:30" testType="13cdc9d9-ddb5-4fa4-a97d-d965ccfc6d4b" outcome="Passed" testListId="8c84fa94-04c1-424b-9868-57a2d4851a1d" relativeResultsDirectory="9d0a9b70-307f-4c0d-97f6-624b874e9d2e">
    </UnitTestResult>
    <UnitTestResult executionId="936e31c5-f84e-46f2-9d8b-7b27bb32a065" testId="873cfd3d-4d20-5ade-17b0-8b4a8e18b400" testName="ValidateUploadBlob" computerName="NIPUN-DEV" duration="00:00:00.4834824" startTime="2014-08-06T16:11:16.2549939+05:30" endTime="2014-08-06T16:11:16.7414427+05:30" testType="13cdc9d9-ddb5-4fa4-a97d-d965ccfc6d4b" outcome="Passed" testListId="8c84fa94-04c1-424b-9868-57a2d4851a1d" relativeResultsDirectory="936e31c5-f84e-46f2-9d8b-7b27bb32a065">
    </UnitTestResult>
  </Results>
</TestRun>