<?xml version="1.0" encoding="UTF-8"?>
<TestRun id="9e69b80b-c73c-4181-be11-e53925788040" name="niaro@NIPUN-DEV 2014-08-06 16:41:18" runUser="FAREAST\niaro" xmlns="http://microsoft.com/schemas/VisualStudio/TeamTest/2010">
  <TestSettings name="Local" id="c7192d5d-7afa-4901-bb50-e2fb6ac69b6d">
    <Description>These are default test settings for a local test run.</Description>
    <Deployment enabled="false" runDeploymentRoot="niaro_NIPUN-DEV 2014-08-06 16_41_18">
      <DeploymentItem filename="C:\Users\niaro\Documents\Visual Studio 2010\Projects\Begin\GuestBook_Data\bin\Debug\GuestBook_Data.dll" />
      <DeploymentItem filename="C:\Program Files\Microsoft SDKs\Windows Azure\.NET SDK\v2.1\ref\Microsoft.WindowsAzure.StorageClient.dll" />
    </Deployment>
    <Execution>
      <TestTypeSpecific />
      <AgentRule name="Execution Agents">
      </AgentRule>
    </Execution>
  </TestSettings>
  <Times creation="2014-08-06T16:41:18.2305092+05:30" queuing="2014-08-06T16:41:19.2115029+05:30" start="2014-08-06T16:41:19.2425237+05:30" finish="2014-08-06T16:41:30.5815327+05:30" />
  <ResultSummary outcome="Completed">
    <Counters total="8" executed="8" passed="8" error="0" failed="0" timeout="0" aborted="0" inconclusive="0" passedButRunAborted="0" notRunnable="0" notExecuted="0" disconnected="0" warning="0" completed="0" inProgress="0" pending="0" />
  </ResultSummary>
  <TestDefinitions>
    <UnitTest name="ValidateBlobStorageInit" storage="c:\users\niaro\documents\visual studio 2010\projects\begin\testguestbook\bin\debug\testguestbook.dll" id="21ef95f6-5cba-3fe4-8df8-8981def7d812">
      <Execution id="afe265ed-b06c-4dad-855a-57ebea585d89" />
      <TestMethod codeBase="C:/Users/niaro/Documents/Visual Studio 2010/Projects/Begin/TestGuestBook/bin/Debug/TestGuestBook.DLL" adapterTypeName="Microsoft.VisualStudio.TestTools.TestTypes.Unit.UnitTestAdapter, Microsoft.VisualStudio.QualityTools.Tips.UnitTest.Adapter, Version=10.0.0.0, Culture=neutral, PublicKeyToken=b03f5f7f11d50a3a" className="TestGuestBook.Storage, TestGuestBook, Version=1.0.0.0, Culture=neutral, PublicKeyToken=null" name="ValidateBlobStorageInit" />
    </UnitTest>
    <UnitTest name="ValidateTables" storage="c:\users\niaro\documents\visual studio 2010\projects\begin\testguestbook\bin\debug\testguestbook.dll" id="bc06af3c-625d-48eb-ea80-1f8f3c32a40b">
      <Execution id="71815e52-35a7-45a3-9c05-e766c7f3b87b" />
      <TestMethod codeBase="C:/Users/niaro/Documents/Visual Studio 2010/Projects/Begin/TestGuestBook/bin/Debug/TestGuestBook.DLL" adapterTypeName="Microsoft.VisualStudio.TestTools.TestTypes.Unit.UnitTestAdapter, Microsoft.VisualStudio.QualityTools.Tips.UnitTest.Adapter, Version=10.0.0.0, Culture=neutral, PublicKeyToken=b03f5f7f11d50a3a" className="TestGuestBook.Storage, TestGuestBook, Version=1.0.0.0, Culture=neutral, PublicKeyToken=null" name="ValidateTables" />
    </UnitTest>
    <UnitTest name="ValidateUploadBlob" storage="c:\users\niaro\documents\visual studio 2010\projects\begin\testguestbook\bin\debug\testguestbook.dll" id="873cfd3d-4d20-5ade-17b0-8b4a8e18b400">
      <Execution id="b3733bf1-b054-4981-8ba0-0f607e6bc83d" />
      <TestMethod codeBase="C:/Users/niaro/Documents/Visual Studio 2010/Projects/Begin/TestGuestBook/bin/Debug/TestGuestBook.DLL" adapterTypeName="Microsoft.VisualStudio.TestTools.TestTypes.Unit.UnitTestAdapter, Microsoft.VisualStudio.QualityTools.Tips.UnitTest.Adapter, Version=10.0.0.0, Culture=neutral, PublicKeyToken=b03f5f7f11d50a3a" className="TestGuestBook.Storage, TestGuestBook, Version=1.0.0.0, Culture=neutral, PublicKeyToken=null" name="ValidateUploadBlob" />
    </UnitTest>
    <UnitTest name="StartDevFabric" storage="c:\users\niaro\documents\visual studio 2010\projects\begin\testguestbook\bin\debug\testguestbook.dll" id="90cff3a7-c376-8901-53c4-3f5300488f56">
      <Execution id="70597471-5974-48f2-9aa5-61ddc63056ed" />
      <TestMethod codeBase="C:/Users/niaro/Documents/Visual Studio 2010/Projects/Begin/TestGuestBook/bin/Debug/TestGuestBook.DLL" adapterTypeName="Microsoft.VisualStudio.TestTools.TestTypes.Unit.UnitTestAdapter, Microsoft.VisualStudio.QualityTools.Tips.UnitTest.Adapter, Version=10.0.0.0, Culture=neutral, PublicKeyToken=b03f5f7f11d50a3a" className="TestGuestBook.Storage, TestGuestBook, Version=1.0.0.0, Culture=neutral, PublicKeyToken=null" name="StartDevFabric" />
    </UnitTest>
    <UnitTest name="StopDevFabric" storage="c:\users\niaro\documents\visual studio 2010\projects\begin\testguestbook\bin\debug\testguestbook.dll" id="29606469-6650-eed0-1b2e-7bd5974d646d">
      <Execution id="31bf738b-040f-42ee-b0a4-9782317c3ce8" />
      <TestMethod codeBase="C:/Users/niaro/Documents/Visual Studio 2010/Projects/Begin/TestGuestBook/bin/Debug/TestGuestBook.DLL" adapterTypeName="Microsoft.VisualStudio.TestTools.TestTypes.Unit.UnitTestAdapter, Microsoft.VisualStudio.QualityTools.Tips.UnitTest.Adapter, Version=10.0.0.0, Culture=neutral, PublicKeyToken=b03f5f7f11d50a3a" className="TestGuestBook.Storage, TestGuestBook, Version=1.0.0.0, Culture=neutral, PublicKeyToken=null" name="StopDevFabric" />
    </UnitTest>
    <UnitTest name="FabricIsOn" storage="c:\users\niaro\documents\visual studio 2010\projects\begin\testguestbook\bin\debug\testguestbook.dll" id="0a990214-4c32-c590-120c-3983084b746a">
      <Execution id="3be6691e-96e5-4e50-a9b5-0e53c89615d6" />
      <TestMethod codeBase="C:/Users/niaro/Documents/Visual Studio 2010/Projects/Begin/TestGuestBook/bin/Debug/TestGuestBook.DLL" adapterTypeName="Microsoft.VisualStudio.TestTools.TestTypes.Unit.UnitTestAdapter, Microsoft.VisualStudio.QualityTools.Tips.UnitTest.Adapter, Version=10.0.0.0, Culture=neutral, PublicKeyToken=b03f5f7f11d50a3a" className="TestGuestBook.Storage, TestGuestBook, Version=1.0.0.0, Culture=neutral, PublicKeyToken=null" name="FabricIsOn" />
    </UnitTest>
    <UnitTest name="ValidateQueue" storage="c:\users\niaro\documents\visual studio 2010\projects\begin\testguestbook\bin\debug\testguestbook.dll" id="d0887670-0b24-6c16-6b15-0f9007b0466f">
      <Execution id="08e1e5d6-0f9e-4260-8b60-7c41987d005e" />
      <TestMethod codeBase="C:/Users/niaro/Documents/Visual Studio 2010/Projects/Begin/TestGuestBook/bin/Debug/TestGuestBook.DLL" adapterTypeName="Microsoft.VisualStudio.TestTools.TestTypes.Unit.UnitTestAdapter, Microsoft.VisualStudio.QualityTools.Tips.UnitTest.Adapter, Version=10.0.0.0, Culture=neutral, PublicKeyToken=b03f5f7f11d50a3a" className="TestGuestBook.Storage, TestGuestBook, Version=1.0.0.0, Culture=neutral, PublicKeyToken=null" name="ValidateQueue" />
    </UnitTest>
    <UnitTest name="DeleteTable" storage="c:\users\niaro\documents\visual studio 2010\projects\begin\testguestbook\bin\debug\testguestbook.dll" id="db6c36d5-e323-6b4b-ff88-782488b06650">
      <Execution id="86b4318d-b004-4e4f-8ba7-983102e4958a" />
      <TestMethod codeBase="C:/Users/niaro/Documents/Visual Studio 2010/Projects/Begin/TestGuestBook/bin/Debug/TestGuestBook.DLL" adapterTypeName="Microsoft.VisualStudio.TestTools.TestTypes.Unit.UnitTestAdapter, Microsoft.VisualStudio.QualityTools.Tips.UnitTest.Adapter, Version=10.0.0.0, Culture=neutral, PublicKeyToken=b03f5f7f11d50a3a" className="TestGuestBook.Storage, TestGuestBook, Version=1.0.0.0, Culture=neutral, PublicKeyToken=null" name="DeleteTable" />
    </UnitTest>
  </TestDefinitions>
  <TestLists>
    <TestList name="Results Not in a List" id="8c84fa94-04c1-424b-9868-57a2d4851a1d" />
    <TestList name="All Loaded Results" id="19431567-8539-422a-85d7-44ee4e166bda" />
  </TestLists>
  <TestEntries>
    <TestEntry testId="0a990214-4c32-c590-120c-3983084b746a" executionId="3be6691e-96e5-4e50-a9b5-0e53c89615d6" testListId="8c84fa94-04c1-424b-9868-57a2d4851a1d" />
    <TestEntry testId="90cff3a7-c376-8901-53c4-3f5300488f56" executionId="70597471-5974-48f2-9aa5-61ddc63056ed" testListId="8c84fa94-04c1-424b-9868-57a2d4851a1d" />
    <TestEntry testId="29606469-6650-eed0-1b2e-7bd5974d646d" executionId="31bf738b-040f-42ee-b0a4-9782317c3ce8" testListId="8c84fa94-04c1-424b-9868-57a2d4851a1d" />
    <TestEntry testId="21ef95f6-5cba-3fe4-8df8-8981def7d812" executionId="afe265ed-b06c-4dad-855a-57ebea585d89" testListId="8c84fa94-04c1-424b-9868-57a2d4851a1d" />
    <TestEntry testId="d0887670-0b24-6c16-6b15-0f9007b0466f" executionId="08e1e5d6-0f9e-4260-8b60-7c41987d005e" testListId="8c84fa94-04c1-424b-9868-57a2d4851a1d" />
    <TestEntry testId="873cfd3d-4d20-5ade-17b0-8b4a8e18b400" executionId="b3733bf1-b054-4981-8ba0-0f607e6bc83d" testListId="8c84fa94-04c1-424b-9868-57a2d4851a1d" />
    <TestEntry testId="bc06af3c-625d-48eb-ea80-1f8f3c32a40b" executionId="71815e52-35a7-45a3-9c05-e766c7f3b87b" testListId="8c84fa94-04c1-424b-9868-57a2d4851a1d" />
    <TestEntry testId="db6c36d5-e323-6b4b-ff88-782488b06650" executionId="86b4318d-b004-4e4f-8ba7-983102e4958a" testListId="8c84fa94-04c1-424b-9868-57a2d4851a1d" />
  </TestEntries>
  <Results>
    <UnitTestResult executionId="3be6691e-96e5-4e50-a9b5-0e53c89615d6" testId="0a990214-4c32-c590-120c-3983084b746a" testName="FabricIsOn" computerName="NIPUN-DEV" duration="00:00:00.0119787" startTime="2014-08-06T16:41:19.2625377+05:30" endTime="2014-08-06T16:41:19.7131044+05:30" testType="13cdc9d9-ddb5-4fa4-a97d-d965ccfc6d4b" outcome="Passed" testListId="8c84fa94-04c1-424b-9868-57a2d4851a1d" relativeResultsDirectory="3be6691e-96e5-4e50-a9b5-0e53c89615d6">
    </UnitTestResult>
    <UnitTestResult executionId="70597471-5974-48f2-9aa5-61ddc63056ed" testId="90cff3a7-c376-8901-53c4-3f5300488f56" testName="StartDevFabric" computerName="NIPUN-DEV" duration="00:00:00.5289071" startTime="2014-08-06T16:41:19.7181091+05:30" endTime="2014-08-06T16:41:20.2496647+05:30" testType="13cdc9d9-ddb5-4fa4-a97d-d965ccfc6d4b" outcome="Passed" testListId="8c84fa94-04c1-424b-9868-57a2d4851a1d" relativeResultsDirectory="70597471-5974-48f2-9aa5-61ddc63056ed">
    </UnitTestResult>
    <UnitTestResult executionId="31bf738b-040f-42ee-b0a4-9782317c3ce8" testId="29606469-6650-eed0-1b2e-7bd5974d646d" testName="StopDevFabric" computerName="NIPUN-DEV" duration="00:00:04.4396724" startTime="2014-08-06T16:41:20.2546684+05:30" endTime="2014-08-06T16:41:24.6969677+05:30" testType="13cdc9d9-ddb5-4fa4-a97d-d965ccfc6d4b" outcome="Passed" testListId="8c84fa94-04c1-424b-9868-57a2d4851a1d" relativeResultsDirectory="31bf738b-040f-42ee-b0a4-9782317c3ce8">
    </UnitTestResult>
    <UnitTestResult executionId="afe265ed-b06c-4dad-855a-57ebea585d89" testId="21ef95f6-5cba-3fe4-8df8-8981def7d812" testName="ValidateBlobStorageInit" computerName="NIPUN-DEV" duration="00:00:03.7982020" startTime="2014-08-06T16:41:24.7009695+05:30" endTime="2014-08-06T16:41:28.5021121+05:30" testType="13cdc9d9-ddb5-4fa4-a97d-d965ccfc6d4b" outcome="Passed" testListId="8c84fa94-04c1-424b-9868-57a2d4851a1d" relativeResultsDirectory="afe265ed-b06c-4dad-855a-57ebea585d89">
    </UnitTestResult>
    <UnitTestResult executionId="08e1e5d6-0f9e-4260-8b60-7c41987d005e" testId="d0887670-0b24-6c16-6b15-0f9007b0466f" testName="ValidateQueue" computerName="NIPUN-DEV" duration="00:00:00.0880102" startTime="2014-08-06T16:41:28.5071137+05:30" endTime="2014-08-06T16:41:28.5974944+05:30" testType="13cdc9d9-ddb5-4fa4-a97d-d965ccfc6d4b" outcome="Passed" testListId="8c84fa94-04c1-424b-9868-57a2d4851a1d" relativeResultsDirectory="08e1e5d6-0f9e-4260-8b60-7c41987d005e">
    </UnitTestResult>
    <UnitTestResult executionId="b3733bf1-b054-4981-8ba0-0f607e6bc83d" testId="873cfd3d-4d20-5ade-17b0-8b4a8e18b400" testName="ValidateUploadBlob" computerName="NIPUN-DEV" duration="00:00:00.5394764" startTime="2014-08-06T16:41:28.6024966+05:30" endTime="2014-08-06T16:41:29.1444931+05:30" testType="13cdc9d9-ddb5-4fa4-a97d-d965ccfc6d4b" outcome="Passed" testListId="8c84fa94-04c1-424b-9868-57a2d4851a1d" relativeResultsDirectory="b3733bf1-b054-4981-8ba0-0f607e6bc83d">
    </UnitTestResult>
    <UnitTestResult executionId="71815e52-35a7-45a3-9c05-e766c7f3b87b" testId="bc06af3c-625d-48eb-ea80-1f8f3c32a40b" testName="ValidateTables" computerName="NIPUN-DEV" duration="00:00:01.1223858" startTime="2014-08-06T16:41:29.1484944+05:30" endTime="2014-08-06T16:41:30.2743660+05:30" testType="13cdc9d9-ddb5-4fa4-a97d-d965ccfc6d4b" outcome="Passed" testListId="8c84fa94-04c1-424b-9868-57a2d4851a1d" relativeResultsDirectory="71815e52-35a7-45a3-9c05-e766c7f3b87b">
    </UnitTestResult>
    <UnitTestResult executionId="86b4318d-b004-4e4f-8ba7-983102e4958a" testId="db6c36d5-e323-6b4b-ff88-782488b06650" testName="DeleteTable" computerName="NIPUN-DEV" duration="00:00:00.1716094" startTime="2014-08-06T16:41:30.2783672+05:30" endTime="2014-08-06T16:41:30.4533984+05:30" testType="13cdc9d9-ddb5-4fa4-a97d-d965ccfc6d4b" outcome="Passed" testListId="8c84fa94-04c1-424b-9868-57a2d4851a1d" relativeResultsDirectory="86b4318d-b004-4e4f-8ba7-983102e4958a">
    </UnitTestResult>
  </Results>
</TestRun>